<?xml version="1.0" encoding="UTF-8"?>
<testsuite xmlns:xsi="http://www.w3.org/2001/XMLSchema-instance" xsi:noNamespaceSchemaLocation="https://maven.apache.org/surefire/maven-surefire-plugin/xsd/surefire-test-report.xsd" name="TestSuite" time="13.984" tests="16" errors="0" skipped="12" failures="4">
  <properties>
    <property name="sun.desktop" value="windows"/>
    <property name="awt.toolkit" value="sun.awt.windows.WToolkit"/>
    <property name="java.specification.version" value="9"/>
    <property name="file.encoding.pkg" value="sun.io"/>
    <property name="sun.cpu.isalist" value="amd64"/>
    <property name="sun.jnu.encoding" value="Cp1252"/>
    <property name="java.class.path" value="D:\Github_Repos\Zialinski_task_Java_tng\target\test-classes;D:\Github_Repos\Zialinski_task_Java_tng\target\classes;C:\Users\ivan.zialinski\.m2\repository\org\seleniumhq\selenium\selenium-java\3.8.1\selenium-java-3.8.1.jar;C:\Users\ivan.zialinski\.m2\repository\org\seleniumhq\selenium\selenium-api\3.8.1\selenium-api-3.8.1.jar;C:\Users\ivan.zialinski\.m2\repository\org\seleniumhq\selenium\selenium-chrome-driver\3.8.1\selenium-chrome-driver-3.8.1.jar;C:\Users\ivan.zialinski\.m2\repository\org\seleniumhq\selenium\selenium-edge-driver\3.8.1\selenium-edge-driver-3.8.1.jar;C:\Users\ivan.zialinski\.m2\repository\org\seleniumhq\selenium\selenium-firefox-driver\3.8.1\selenium-firefox-driver-3.8.1.jar;C:\Users\ivan.zialinski\.m2\repository\org\seleniumhq\selenium\selenium-ie-driver\3.8.1\selenium-ie-driver-3.8.1.jar;C:\Users\ivan.zialinski\.m2\repository\org\seleniumhq\selenium\selenium-opera-driver\3.8.1\selenium-opera-driver-3.8.1.jar;C:\Users\ivan.zialinski\.m2\repository\org\seleniumhq\selenium\selenium-remote-driver\3.8.1\selenium-remote-driver-3.8.1.jar;C:\Users\ivan.zialinski\.m2\repository\org\seleniumhq\selenium\selenium-safari-driver\3.8.1\selenium-safari-driver-3.8.1.jar;C:\Users\ivan.zialinski\.m2\repository\org\seleniumhq\selenium\selenium-support\3.8.1\selenium-support-3.8.1.jar;C:\Users\ivan.zialinski\.m2\repository\net\bytebuddy\byte-buddy\1.7.5\byte-buddy-1.7.5.jar;C:\Users\ivan.zialinski\.m2\repository\org\apache\commons\commons-exec\1.3\commons-exec-1.3.jar;C:\Users\ivan.zialinski\.m2\repository\commons-codec\commons-codec\1.10\commons-codec-1.10.jar;C:\Users\ivan.zialinski\.m2\repository\commons-logging\commons-logging\1.2\commons-logging-1.2.jar;C:\Users\ivan.zialinski\.m2\repository\com\google\code\gson\gson\2.8.2\gson-2.8.2.jar;C:\Users\ivan.zialinski\.m2\repository\com\google\guava\guava\23.0\guava-23.0.jar;C:\Users\ivan.zialinski\.m2\repository\com\google\code\findbugs\jsr305\1.3.9\jsr305-1.3.9.jar;C:\Users\ivan.zialinski\.m2\repository\com\google\errorprone\error_prone_annotations\2.0.18\error_prone_annotations-2.0.18.jar;C:\Users\ivan.zialinski\.m2\repository\com\google\j2objc\j2objc-annotations\1.1\j2objc-annotations-1.1.jar;C:\Users\ivan.zialinski\.m2\repository\org\codehaus\mojo\animal-sniffer-annotations\1.14\animal-sniffer-annotations-1.14.jar;C:\Users\ivan.zialinski\.m2\repository\org\apache\httpcomponents\httpclient\4.5.3\httpclient-4.5.3.jar;C:\Users\ivan.zialinski\.m2\repository\org\apache\httpcomponents\httpcore\4.4.6\httpcore-4.4.6.jar;C:\Users\ivan.zialinski\.m2\repository\org\testng\testng\6.13.1\testng-6.13.1.jar;C:\Users\ivan.zialinski\.m2\repository\com\beust\jcommander\1.72\jcommander-1.72.jar;C:\Users\ivan.zialinski\.m2\repository\org\apache\maven\surefire\surefire-testng-utils\2.20.1\surefire-testng-utils-2.20.1.jar;C:\Users\ivan.zialinski\.m2\repository\org\apache\maven\surefire\surefire-grouper\2.20.1\surefire-grouper-2.20.1.jar;"/>
    <property name="java.vm.vendor" value="Oracle Corporation"/>
    <property name="sun.arch.data.model" value="64"/>
    <property name="user.variant" value=""/>
    <property name="java.vendor.url" value="http://java.oracle.com/"/>
    <property name="user.timezone" value=""/>
    <property name="java.vm.specification.version" value="9"/>
    <property name="os.name" value="Windows 10"/>
    <property name="sun.java.launcher" value="SUN_STANDARD"/>
    <property name="user.country" value="US"/>
    <property name="sun.boot.library.path" value="C:\Program Files\Java\jdk-9.0.1\bin"/>
    <property name="sun.java.command" value="C:\Users\IVAN~1.ZIA\AppData\Local\Temp\surefire15585723216384613113\surefirebooter877990910865099083.jar C:\Users\ivan.zialinski\AppData\Local\Temp\surefire15585723216384613113 2017-12-20T17-31-18_951-jvmRun1 surefire877116287851053687tmp surefire_011664650968239877770tmp"/>
    <property name="jdk.debug" value="release"/>
    <property name="surefire.test.class.path" value="D:\Github_Repos\Zialinski_task_Java_tng\target\test-classes;D:\Github_Repos\Zialinski_task_Java_tng\target\classes;C:\Users\ivan.zialinski\.m2\repository\org\seleniumhq\selenium\selenium-java\3.8.1\selenium-java-3.8.1.jar;C:\Users\ivan.zialinski\.m2\repository\org\seleniumhq\selenium\selenium-api\3.8.1\selenium-api-3.8.1.jar;C:\Users\ivan.zialinski\.m2\repository\org\seleniumhq\selenium\selenium-chrome-driver\3.8.1\selenium-chrome-driver-3.8.1.jar;C:\Users\ivan.zialinski\.m2\repository\org\seleniumhq\selenium\selenium-edge-driver\3.8.1\selenium-edge-driver-3.8.1.jar;C:\Users\ivan.zialinski\.m2\repository\org\seleniumhq\selenium\selenium-firefox-driver\3.8.1\selenium-firefox-driver-3.8.1.jar;C:\Users\ivan.zialinski\.m2\repository\org\seleniumhq\selenium\selenium-ie-driver\3.8.1\selenium-ie-driver-3.8.1.jar;C:\Users\ivan.zialinski\.m2\repository\org\seleniumhq\selenium\selenium-opera-driver\3.8.1\selenium-opera-driver-3.8.1.jar;C:\Users\ivan.zialinski\.m2\repository\org\seleniumhq\selenium\selenium-remote-driver\3.8.1\selenium-remote-driver-3.8.1.jar;C:\Users\ivan.zialinski\.m2\repository\org\seleniumhq\selenium\selenium-safari-driver\3.8.1\selenium-safari-driver-3.8.1.jar;C:\Users\ivan.zialinski\.m2\repository\org\seleniumhq\selenium\selenium-support\3.8.1\selenium-support-3.8.1.jar;C:\Users\ivan.zialinski\.m2\repository\net\bytebuddy\byte-buddy\1.7.5\byte-buddy-1.7.5.jar;C:\Users\ivan.zialinski\.m2\repository\org\apache\commons\commons-exec\1.3\commons-exec-1.3.jar;C:\Users\ivan.zialinski\.m2\repository\commons-codec\commons-codec\1.10\commons-codec-1.10.jar;C:\Users\ivan.zialinski\.m2\repository\commons-logging\commons-logging\1.2\commons-logging-1.2.jar;C:\Users\ivan.zialinski\.m2\repository\com\google\code\gson\gson\2.8.2\gson-2.8.2.jar;C:\Users\ivan.zialinski\.m2\repository\com\google\guava\guava\23.0\guava-23.0.jar;C:\Users\ivan.zialinski\.m2\repository\com\google\code\findbugs\jsr305\1.3.9\jsr305-1.3.9.jar;C:\Users\ivan.zialinski\.m2\repository\com\google\errorprone\error_prone_annotations\2.0.18\error_prone_annotations-2.0.18.jar;C:\Users\ivan.zialinski\.m2\repository\com\google\j2objc\j2objc-annotations\1.1\j2objc-annotations-1.1.jar;C:\Users\ivan.zialinski\.m2\repository\org\codehaus\mojo\animal-sniffer-annotations\1.14\animal-sniffer-annotations-1.14.jar;C:\Users\ivan.zialinski\.m2\repository\org\apache\httpcomponents\httpclient\4.5.3\httpclient-4.5.3.jar;C:\Users\ivan.zialinski\.m2\repository\org\apache\httpcomponents\httpcore\4.4.6\httpcore-4.4.6.jar;C:\Users\ivan.zialinski\.m2\repository\org\testng\testng\6.13.1\testng-6.13.1.jar;C:\Users\ivan.zialinski\.m2\repository\com\beust\jcommander\1.72\jcommander-1.72.jar;C:\Users\ivan.zialinski\.m2\repository\org\apache\maven\surefire\surefire-testng-utils\2.20.1\surefire-testng-utils-2.20.1.jar;C:\Users\ivan.zialinski\.m2\repository\org\apache\maven\surefire\surefire-grouper\2.20.1\surefire-grouper-2.20.1.jar;"/>
    <property name="sun.cpu.endian" value="little"/>
    <property name="user.home" value="C:\Users\ivan.zialinski"/>
    <property name="user.language" value="en"/>
    <property name="java.specification.vendor" value="Oracle Corporation"/>
    <property name="java.home" value="C:\Program Files\Java\jdk-9.0.1"/>
    <property name="file.separator" value="\"/>
    <property name="basedir" value="D:\Github_Repos\Zialinski_task_Java_tng"/>
    <property name="java.vm.compressedOopsMode" value="Zero based"/>
    <property name="line.separator" value="&#10;"/>
    <property name="java.vm.specification.vendor" value="Oracle Corporation"/>
    <property name="java.specification.name" value="Java Platform API Specification"/>
    <property name="java.awt.graphicsenv" value="sun.awt.Win32GraphicsEnvironment"/>
    <property name="surefire.real.class.path" value="C:\Users\IVAN~1.ZIA\AppData\Local\Temp\surefire15585723216384613113\surefirebooter877990910865099083.jar"/>
    <property name="user.script" value=""/>
    <property name="sun.management.compiler" value="HotSpot 64-Bit Tiered Compilers"/>
    <property name="java.runtime.version" value="9.0.1+11"/>
    <property name="user.name" value="ivan.zialinski"/>
    <property name="path.separator" value=";"/>
    <property name="os.version" value="10.0"/>
    <property name="java.runtime.name" value="Java(TM) SE Runtime Environment"/>
    <property name="file.encoding" value="Cp1252"/>
    <property name="java.vm.name" value="Java HotSpot(TM) 64-Bit Server VM"/>
    <property name="localRepository" value="C:\Users\ivan.zialinski\.m2\repository"/>
    <property name="java.vendor.url.bug" value="http://bugreport.java.com/bugreport/"/>
    <property name="java.io.tmpdir" value="C:\Users\IVAN~1.ZIA\AppData\Local\Temp\"/>
    <property name="idea.version" value="2017.3"/>
    <property name="java.version" value="9.0.1"/>
    <property name="user.dir" value="D:\Github_Repos\Zialinski_task_Java_tng"/>
    <property name="os.arch" value="amd64"/>
    <property name="java.vm.specification.name" value="Java Virtual Machine Specification"/>
    <property name="java.awt.printerjob" value="sun.awt.windows.WPrinterJob"/>
    <property name="sun.os.patch.level" value=""/>
    <property name="java.library.path" value="C:\Program Files\Java\jdk-9.0.1\bin;C:\windows\Sun\Java\bin;C:\windows\system32;C:\windows;C:\ProgramData\Oracle\Java\javapath;C:\Program Files (x86)\Intel\iCLS Client\;C:\Program Files\Intel\iCLS Client\;C:\windows\system32;C:\windows;C:\windows\System32\Wbem;C:\windows\System32\WindowsPowerShell\v1.0\;C:\Program Files (x86)\Intel\Intel(R) Management Engine Components\DAL;C:\Program Files\Intel\Intel(R) Management Engine Components\DAL;C:\Program Files (x86)\Intel\Intel(R) Management Engine Components\IPT;C:\Program Files\Intel\Intel(R) Management Engine Components\IPT;C:\Program Files (x86)\Skype\Phone\;C:\Program Files\TortoiseSVN\bin;C:\Program Files (x86)\Git\cmd;C:\Program Files\dotnet\;C:\Program Files\Microsoft SQL Server\130\Tools\Binn\;C:\ProgramData\chocolatey\bin;C:\Program Files (x86)\NUnit.org\nunit-console;C:\xampp\apache\bin\httpd.exe;C:\Maven\bin;C:\Program Files\Java\jdk-9.0.1\bin;C:\WebDrivers\ChromeDriver\;C:\WebDrivers\FirefoxDriver\;C:\Users\ivan.zialinski\AppData\Local\Microsoft\WindowsApps;;."/>
    <property name="java.vm.info" value="mixed mode"/>
    <property name="java.vendor" value="Oracle Corporation"/>
    <property name="java.vm.version" value="9.0.1+11"/>
    <property name="sun.io.unicode.encoding" value="UnicodeLittle"/>
    <property name="java.class.version" value="53.0"/>
  </properties>
  <testcase name="authWithInvalidLogin" classname="com.gmail.authorization.AuthorizationTest" time="0.015">
    <failure type="java.lang.NullPointerException">java.lang.NullPointerException
	at com.gmail.authorization.AuthorizationTest.authWithInvalidLogin(AuthorizationTest.java:29)
</failure>
    <system-err><![CDATA[Starting ChromeDriver 2.33.506120 (e3e53437346286c0bc2d2dc9aa4915ba81d9023f) on port 8000
Only local connections are allowed.
Dec 20, 2017 5:31:22 PM org.openqa.selenium.remote.ProtocolHandshake createSession
INFO: Detected dialect: OSS
]]></system-err>
  </testcase>
  <testcase name="authWithInvalidLogin" classname="com.gmail.authorization.AuthorizationTest" time="0">
    <failure type="java.lang.NullPointerException">java.lang.NullPointerException
	at com.gmail.authorization.AuthorizationTest.authWithInvalidLogin(AuthorizationTest.java:29)
</failure>
    <system-err><![CDATA[1513780286658	geckodriver	INFO	geckodriver 0.19.0
1513780286666	geckodriver	INFO	Listening on 127.0.0.1:2711
1513780286818	mozrunner::runner	INFO	Running command: "C:\\Program Files\\Mozilla Firefox\\firefox.exe" "-marionette" "-profile" "C:\\Users\\IVAN~1.ZIA\\AppData\\Local\\Temp\\rust_mozprofile.HDVVPt2i4ZRL"
1513780287071	addons.xpi	WARN	Error parsing extensions state: [Exception... "Component returned failure code: 0x80520012 (NS_ERROR_FILE_NOT_FOUND) [amIAddonManagerStartup.readStartupData]"  nsresult: "0x80520012 (NS_ERROR_FILE_NOT_FOUND)"  location: "JS frame :: resource://gre/modules/addons/XPIProvider.jsm :: loadExtensionState :: line 1554"  data: no] Stack trace: loadExtensionState()@resource://gre/modules/addons/XPIProvider.jsm:1554 < getInstallState()@resource://gre/modules/addons/XPIProvider.jsm:1589 < checkForChanges()@resource://gre/modules/addons/XPIProvider.jsm:3109 < startup()@resource://gre/modules/addons/XPIProvider.jsm:2188 < callProvider()@resource://gre/modules/AddonManager.jsm:269 < _startProvider()@resource://gre/modules/AddonManager.jsm:739 < startup()@resource://gre/modules/AddonManager.jsm:906 < startup()@resource://gre/modules/AddonManager.jsm:3090 < observe()@jar:file:///C:/Program%20Files/Mozilla%20Firefox/omni.ja!/components/addonManager.js:65
1513780287765	Marionette	INFO	Enabled via --marionette
Unable to read VR Path Registry from C:\Users\ivan.zialinski\AppData\Local\openvr\openvrpaths.vrpath
[Child 15504] WARNING: pipe error: 109: file z:/build/build/src/ipc/chromium/src/chrome/common/ipc_channel_win.cc, line 346
[Child 15504] WARNING: pipe error: 109: file z:/build/build/src/ipc/chromium/src/chrome/common/ipc_channel_win.cc, line 346
1513780290555	Marionette	INFO	Listening on port 52058
1513780290956	Marionette	WARN	TLS certificate errors will be ignored for this session
1513780290986	Marionette	DEBUG	Register listener.js for window 4294967297
Dec 20, 2017 5:31:30 PM org.openqa.selenium.remote.ProtocolHandshake createSession
INFO: Detected dialect: W3C
1513780291050	Marionette	DEBUG	Received DOM event "beforeunload" for "about:blank"
1513780292734	Marionette	DEBUG	Received DOM event "pagehide" for "about:blank"
1513780292734	Marionette	DEBUG	Received DOM event "unload" for "about:blank"
1513780293352	Marionette	DEBUG	Received DOM event "DOMContentLoaded" for "https://accounts.google.com/signin/v2/identifier?service=mail&passive=true&rm=false&continue=https%3A%2F%2Fmail.google.com%2Fmail%2F&ss=1&scc=1&ltmpl=default&ltmplcache=2&emr=1&osid=1&flowName=GlifWebSignIn&flowEntry=ServiceLogin"
1513780293551	Marionette	DEBUG	Received observer notification "outer-window-destroyed" for "4294967303"
1513780293578	Marionette	DEBUG	Received DOM event "pageshow" for "https://accounts.google.com/signin/v2/identifier?service=mail&passive=true&rm=false&continue=https%3A%2F%2Fmail.google.com%2Fmail%2F&ss=1&scc=1&ltmpl=default&ltmplcache=2&emr=1&osid=1&flowName=GlifWebSignIn&flowEntry=ServiceLogin"
]]></system-err>
  </testcase>
  <testcase name="endTest" classname="com.gmail.authorization.AuthorizationTest" time="0.017">
    <failure type="java.lang.NullPointerException">java.lang.NullPointerException
</failure>
  </testcase>
  <testcase name="endTest" classname="com.gmail.authorization.AuthorizationTest" time="0">
    <skipped/>
  </testcase>
  <testcase name="endTest" classname="com.gmail.authorization.AuthorizationTest" time="0">
    <skipped/>
  </testcase>
  <testcase name="endTest" classname="com.gmail.authorization.AuthorizationTest" time="0.001">
    <failure type="java.lang.NullPointerException">java.lang.NullPointerException
</failure>
  </testcase>
  <testcase name="endTest" classname="com.gmail.authorization.AuthorizationTest" time="0">
    <skipped/>
  </testcase>
  <testcase name="endTest" classname="com.gmail.authorization.AuthorizationTest" time="0">
    <skipped/>
  </testcase>
  <testcase name="initTest" classname="com.gmail.authorization.AuthorizationTest" time="0">
    <skipped/>
  </testcase>
  <testcase name="initTest" classname="com.gmail.authorization.AuthorizationTest" time="0">
    <skipped/>
  </testcase>
  <testcase name="initTest" classname="com.gmail.authorization.AuthorizationTest" time="0">
    <skipped/>
  </testcase>
  <testcase name="initTest" classname="com.gmail.authorization.AuthorizationTest" time="0">
    <skipped/>
  </testcase>
  <testcase name="authWithInvalidPassword" classname="com.gmail.authorization.AuthorizationTest" time="0">
    <skipped/>
  </testcase>
  <testcase name="authWithInvalidPassword" classname="com.gmail.authorization.AuthorizationTest" time="0">
    <skipped/>
  </testcase>
  <testcase name="authWithValidData" classname="com.gmail.authorization.AuthorizationTest" time="0">
    <skipped/>
  </testcase>
  <testcase name="authWithValidData" classname="com.gmail.authorization.AuthorizationTest" time="0">
    <skipped/>
  </testcase>
</testsuite>